<?xml version="1.0" ?>
<testsuite errors="0" failures="0" name="My-20191014165411" tests="1" time="0.000">
	<testcase classname="My" name="test1" time="0.000"/>
	<system-out>
<![CDATA[]]>	</system-out>
	<system-err>
<![CDATA[]]>	</system-err>
</testsuite>
